<?xml version="1.0" encoding="UTF-8"?>
<testng-results ignored="0" total="1" passed="1" failed="0" skipped="0">
  <reporter-output>
  </reporter-output>
  <suite started-at="2023-10-23T13:15:22 EET" name="Default suite" finished-at="2023-10-23T13:15:27 EET" duration-ms="4696">
    <groups>
    </groups>
    <test started-at="2023-10-23T13:15:22 EET" name="Default test" finished-at="2023-10-23T13:15:27 EET" duration-ms="4696">
      <class name="ProjectTwo.ProjectTwo">
        <test-method is-config="true" signature="mySetup()[pri:0, instance:ProjectTwo.ProjectTwo@c260bdc]" started-at="2023-10-23T13:15:22 EET" name="mySetup" finished-at="2023-10-23T13:15:27 EET" duration-ms="4524" status="PASS">
          <reporter-output>
          </reporter-output>
        </test-method> <!-- mySetup -->
        <test-method signature="myTest()[pri:0, instance:ProjectTwo.ProjectTwo@c260bdc]" started-at="2023-10-23T13:15:27 EET" name="myTest" finished-at="2023-10-23T13:15:27 EET" duration-ms="19" status="PASS">
          <reporter-output>
          </reporter-output>
        </test-method> <!-- myTest -->
        <test-method is-config="true" signature="myAfter()[pri:0, instance:ProjectTwo.ProjectTwo@c260bdc]" started-at="2023-10-23T13:15:27 EET" name="myAfter" finished-at="2023-10-23T13:15:27 EET" duration-ms="1" status="PASS">
          <reporter-output>
          </reporter-output>
        </test-method> <!-- myAfter -->
      </class> <!-- ProjectTwo.ProjectTwo -->
    </test> <!-- Default test -->
  </suite> <!-- Default suite -->
</testng-results>
